# JRE version: Java(TM) SE Runtime Environment (15.0.1+9) (build 15.0.1+9-18)
# Java VM: Java HotSpot(TM) 64-Bit Server VM (15.0.1+9-18, mixed mode, sharing, tiered, compressed oops, g1 gc, windows-amd64)
GC Precious Log:
 CPUs: 12 total, 12 available
 Memory: 16190M
 Large Page Support: Disabled
 NUMA Support: Disabled
 Compressed Oops: Enabled (Zero based)
 Heap Region Size: 2M
 Heap Min Capacity: 8M
 Heap Initial Capacity: 254M
 Heap Max Capacity: 4048M
 Pre-touch: Disabled
 Parallel Workers: 10
 Concurrent Workers: 3
 Concurrent Refinement Workers: 10
 Periodic GC: Disabled
Heap:
 garbage-first heap   total 122880K, used 76439K [0x0000000703000000, 0x0000000800000000)
  region size 2048K, 9 young (18432K), 2 survivors (4096K)
 Metaspace       used 24214K, capacity 24589K, committed 24880K, reserved 1071104K
  class space    used 3247K, capacity 3352K, committed 3456K, reserved 1048576K
GC Heap History (16 events):
Event: 0.643 GC heap before
{Heap before GC invocations=0 (full 0):
 garbage-first heap   total 260096K, used 22528K [0x0000000703000000, 0x0000000800000000)
  region size 2048K, 11 young (22528K), 0 survivors (0K)
 Metaspace       used 3941K, capacity 6639K, committed 6912K, reserved 1056768K
  class space    used 441K, capacity 696K, committed 768K, reserved 1048576K
}
Event: 0.646 GC heap after
{Heap after GC invocations=1 (full 0):
 garbage-first heap   total 260096K, used 5058K [0x0000000703000000, 0x0000000800000000)
  region size 2048K, 2 young (4096K), 2 survivors (4096K)
 Metaspace       used 3941K, capacity 6639K, committed 6912K, reserved 1056768K
  class space    used 441K, capacity 696K, committed 768K, reserved 1048576K
}
Event: 1.247 GC heap before
{Heap before GC invocations=1 (full 0):
 garbage-first heap   total 260096K, used 31682K [0x0000000703000000, 0x0000000800000000)
  region size 2048K, 16 young (32768K), 2 survivors (4096K)
 Metaspace       used 12245K, capacity 12852K, committed 13056K, reserved 1060864K
  class space    used 1708K, capacity 1767K, committed 1792K, reserved 1048576K
}
Event: 1.254 GC heap after
{Heap after GC invocations=2 (full 0):
 garbage-first heap   total 260096K, used 9715K [0x0000000703000000, 0x0000000800000000)
  region size 2048K, 2 young (4096K), 2 survivors (4096K)
 Metaspace       used 12245K, capacity 12852K, committed 13056K, reserved 1060864K
  class space    used 1708K, capacity 1767K, committed 1792K, reserved 1048576K
}
Event: 2.647 GC heap before
{Heap before GC invocations=2 (full 0):
 garbage-first heap   total 260096K, used 62963K [0x0000000703000000, 0x0000000800000000)
  region size 2048K, 28 young (57344K), 2 survivors (4096K)
 Metaspace       used 20845K, capacity 21118K, committed 21296K, reserved 1067008K
  class space    used 3008K, capacity 3110K, committed 3200K, reserved 1048576K
}
Event: 2.661 GC heap after
{Heap after GC invocations=3 (full 0):
 garbage-first heap   total 260096K, used 20795K [0x0000000703000000, 0x0000000800000000)
  region size 2048K, 7 young (14336K), 7 survivors (14336K)
 Metaspace       used 20845K, capacity 21118K, committed 21296K, reserved 1067008K
  class space    used 3008K, capacity 3110K, committed 3200K, reserved 1048576K
}
Event: 3.979 GC heap before
{Heap before GC invocations=4 (full 0):
 garbage-first heap   total 90112K, used 59707K [0x0000000703000000, 0x0000000800000000)
  region size 2048K, 26 young (53248K), 7 survivors (14336K)
 Metaspace       used 22493K, capacity 22804K, committed 22960K, reserved 1069056K
  class space    used 3183K, capacity 3295K, committed 3328K, reserved 1048576K
}
Event: 4.000 GC heap after
{Heap after GC invocations=5 (full 0):
 garbage-first heap   total 90112K, used 30858K [0x0000000703000000, 0x0000000800000000)
  region size 2048K, 4 young (8192K), 4 survivors (8192K)
 Metaspace       used 22493K, capacity 22804K, committed 22960K, reserved 1069056K
  class space    used 3183K, capacity 3295K, committed 3328K, reserved 1048576K
}
Event: 4.351 GC heap before
{Heap before GC invocations=5 (full 0):
 garbage-first heap   total 90112K, used 57482K [0x0000000703000000, 0x0000000800000000)
  region size 2048K, 17 young (34816K), 4 survivors (8192K)
 Metaspace       used 22863K, capacity 23260K, committed 23472K, reserved 1069056K
  class space    used 3185K, capacity 3296K, committed 3328K, reserved 1048576K
}
Event: 4.367 GC heap after
{Heap after GC invocations=6 (full 0):
 garbage-first heap   total 90112K, used 43530K [0x0000000703000000, 0x0000000800000000)
  region size 2048K, 3 young (6144K), 3 survivors (6144K)
 Metaspace       used 22863K, capacity 23260K, committed 23472K, reserved 1069056K
  class space    used 3185K, capacity 3296K, committed 3328K, reserved 1048576K
}
Event: 5.821 GC heap before
{Heap before GC invocations=6 (full 0):
 garbage-first heap   total 90112K, used 57866K [0x0000000703000000, 0x0000000800000000)
  region size 2048K, 11 young (22528K), 3 survivors (6144K)
 Metaspace       used 23305K, capacity 23682K, committed 23728K, reserved 1069056K
  class space    used 3197K, capacity 3312K, committed 3328K, reserved 1048576K
}
Event: 5.835 GC heap after
{Heap after GC invocations=7 (full 0):
 garbage-first heap   total 108544K, used 50294K [0x0000000703000000, 0x0000000800000000)
  region size 2048K, 2 young (4096K), 2 survivors (4096K)
 Metaspace       used 23305K, capacity 23682K, committed 23728K, reserved 1069056K
  class space    used 3197K, capacity 3312K, committed 3328K, reserved 1048576K
}
Event: 8.095 GC heap before
{Heap before GC invocations=7 (full 0):
 garbage-first heap   total 108544K, used 74870K [0x0000000703000000, 0x0000000800000000)
  region size 2048K, 14 young (28672K), 2 survivors (4096K)
 Metaspace       used 23922K, capacity 24297K, committed 24624K, reserved 1071104K
  class space    used 3243K, capacity 3345K, committed 3456K, reserved 1048576K
}
Event: 8.106 GC heap after
{Heap after GC invocations=8 (full 0):
 garbage-first heap   total 108544K, used 57656K [0x0000000703000000, 0x0000000800000000)
  region size 2048K, 2 young (4096K), 2 survivors (4096K)
 Metaspace       used 23922K, capacity 24297K, committed 24624K, reserved 1071104K
  class space    used 3243K, capacity 3345K, committed 3456K, reserved 1048576K
}
Event: 10.868 GC heap before
{Heap before GC invocations=8 (full 0):
 garbage-first heap   total 108544K, used 76088K [0x0000000703000000, 0x0000000800000000)
  region size 2048K, 11 young (22528K), 2 survivors (4096K)
 Metaspace       used 24083K, capacity 24461K, committed 24624K, reserved 1071104K
  class space    used 3247K, capacity 3352K, committed 3456K, reserved 1048576K
}
Event: 10.880 GC heap after
{Heap after GC invocations=9 (full 0):
 garbage-first heap   total 108544K, used 64151K [0x0000000703000000, 0x0000000800000000)
  region size 2048K, 2 young (4096K), 2 survivors (4096K)
 Metaspace       used 24083K, capacity 24461K, committed 24624K, reserved 1071104K
  class space    used 3247K, capacity 3352K, committed 3456K, reserved 1048576K
}

